cd lib_core && mingw32-make release
mingw32-make[1]: Entering directory 'D:/Dev/yasimavr/yasimavr/lib_core'
mingw32-make -f Makefile-release all
mingw32-make[2]: Entering directory 'D:/Dev/yasimavr/yasimavr/lib_core'
'Building file: src/core/sim_core.cpp'
'Invoking: GCC C++ Compiler'
g++ -std=c++17 -O3 -Wall -c -fmessage-length=0 -DYASIMAVR_DLL  -MMD -MP -MF"Release/core/sim_core.d" -MT"Release/core/sim_core.o" -o "Release/core/sim_core.o" "src/core/sim_core.cpp"
src/core/sim_core.cpp: In member function 'uint8_t Core::cpu_read_ioreg(reg_addr_t)':
src/core/sim_core.cpp:205:14: warning: comparison of integer expressions of different signedness: 'short int' and 'std::vector<IO_Register*>::size_type' {aka 'long long unsigned int'} [-Wsign-compare]
  205 |     if (addr >= m_ioregs.size()) {
      |         ~~~~~^~~~~~~~~~~~~~~~~~
src/core/sim_core.cpp: In member function 'void Core::cpu_write_ioreg(reg_addr_t, uint8_t)':
src/core/sim_core.cpp:238:14: warning: comparison of integer expressions of different signedness: 'short int' and 'std::vector<IO_Register*>::size_type' {aka 'long long unsigned int'} [-Wsign-compare]
  238 |     if (addr >= m_ioregs.size()) {
      |         ~~~~~^~~~~~~~~~~~~~~~~~
src/core/sim_core.cpp: In member function 'uint8_t Core::ioctl_read_ioreg(reg_addr_t)':
src/core/sim_core.cpp:278:14: warning: comparison of integer expressions of different signedness: 'short int' and 'std::vector<IO_Register*>::size_type' {aka 'long long unsigned int'} [-Wsign-compare]
  278 |     if (addr >= m_ioregs.size()) {
      |         ~~~~~^~~~~~~~~~~~~~~~~~
src/core/sim_core.cpp: In member function 'void Core::ioctl_write_ioreg(const regbit_t&, uint8_t)':
src/core/sim_core.cpp:311:14: warning: comparison of integer expressions of different signedness: 'short int' and 'std::vector<IO_Register*>::size_type' {aka 'long long unsigned int'} [-Wsign-compare]
  311 |     if (addr >= m_ioregs.size()) {
      |         ~~~~~^~~~~~~~~~~~~~~~~~
'Finished building: src/core/sim_core.cpp'
' '
'Building file: src/core/sim_cpu.cpp'
'Invoking: GCC C++ Compiler'
g++ -std=c++17 -O3 -Wall -c -fmessage-length=0 -DYASIMAVR_DLL  -MMD -MP -MF"Release/core/sim_cpu.d" -MT"Release/core/sim_cpu.o" -o "Release/core/sim_cpu.o" "src/core/sim_cpu.cpp"
src/core/sim_cpu.cpp: In member function 'cycle_count_t Core::run_instruction()':
src/core/sim_cpu.cpp:193:22: warning: format '%x' expects argument of type 'unsigned int', but argument 4 has type 'flash_addr_t' {aka 'long unsigned int'} [-Wformat=]
  193 |         sprintf(msg, "Bad opcode 0x%04x at PC=0x%04x", opcode, m_pc); \
      |                      ^~~~~~~~~~~~~~~~~~~~~~~~~~~~~~~~          ~~~~
      |                                                                |
      |                                                                flash_addr_t {aka long unsigned int}
src/core/sim_cpu.cpp:331:42: note: in expansion of macro 'INVALID_OPCODE'
  331 |                                 default: INVALID_OPCODE;
      |                                          ^~~~~~~~~~~~~~
src/core/sim_cpu.cpp:193:52: note: format string is defined here
  193 |         sprintf(msg, "Bad opcode 0x%04x at PC=0x%04x", opcode, m_pc); \
      |                                                 ~~~^
      |                                                    |
      |                                                    unsigned int
      |                                                 %04lx
src/core/sim_cpu.cpp:193:22: warning: format '%x' expects argument of type 'unsigned int', but argument 4 has type 'flash_addr_t' {aka 'long unsigned int'} [-Wformat=]
  193 |         sprintf(msg, "Bad opcode 0x%04x at PC=0x%04x", opcode, m_pc); \
      |                      ^~~~~~~~~~~~~~~~~~~~~~~~~~~~~~~~          ~~~~
      |                                                                |
      |                                                                flash_addr_t {aka long unsigned int}
src/core/sim_cpu.cpp:376:26: note: in expansion of macro 'INVALID_OPCODE'
  376 |                 default: INVALID_OPCODE;
      |                          ^~~~~~~~~~~~~~
src/core/sim_cpu.cpp:193:52: note: format string is defined here
  193 |         sprintf(msg, "Bad opcode 0x%04x at PC=0x%04x", opcode, m_pc); \
      |                                                 ~~~^
      |                                                    |
      |                                                    unsigned int
      |                                                 %04lx
src/core/sim_cpu.cpp:193:22: warning: format '%x' expects argument of type 'unsigned int', but argument 4 has type 'flash_addr_t' {aka 'long unsigned int'} [-Wformat=]
  193 |         sprintf(msg, "Bad opcode 0x%04x at PC=0x%04x", opcode, m_pc); \
      |                      ^~~~~~~~~~~~~~~~~~~~~~~~~~~~~~~~          ~~~~
      |                                                                |
      |                                                                flash_addr_t {aka long unsigned int}
src/core/sim_cpu.cpp:417:26: note: in expansion of macro 'INVALID_OPCODE'
  417 |                 default: INVALID_OPCODE;
      |                          ^~~~~~~~~~~~~~
src/core/sim_cpu.cpp:193:52: note: format string is defined here
  193 |         sprintf(msg, "Bad opcode 0x%04x at PC=0x%04x", opcode, m_pc); \
      |                                                 ~~~^
      |                                                    |
      |                                                    unsigned int
      |                                                 %04lx
src/core/sim_cpu.cpp:193:22: warning: format '%x' expects argument of type 'unsigned int', but argument 4 has type 'flash_addr_t' {aka 'long unsigned int'} [-Wformat=]
  193 |         sprintf(msg, "Bad opcode 0x%04x at PC=0x%04x", opcode, m_pc); \
      |                      ^~~~~~~~~~~~~~~~~~~~~~~~~~~~~~~~          ~~~~
      |                                                                |
      |                                                                flash_addr_t {aka long unsigned int}
src/core/sim_cpu.cpp:501:26: note: in expansion of macro 'INVALID_OPCODE'
  501 |                 default: INVALID_OPCODE;
      |                          ^~~~~~~~~~~~~~
src/core/sim_cpu.cpp:193:52: note: format string is defined here
  193 |         sprintf(msg, "Bad opcode 0x%04x at PC=0x%04x", opcode, m_pc); \
      |                                                 ~~~^
      |                                                    |
      |                                                    unsigned int
      |                                                 %04lx
src/core/sim_cpu.cpp:193:22: warning: format '%x' expects argument of type 'unsigned int', but argument 4 has type 'flash_addr_t' {aka 'long unsigned int'} [-Wformat=]
  193 |         sprintf(msg, "Bad opcode 0x%04x at PC=0x%04x", opcode, m_pc); \
      |                      ^~~~~~~~~~~~~~~~~~~~~~~~~~~~~~~~          ~~~~
      |                                                                |
      |                                                                flash_addr_t {aka long unsigned int}
src/core/sim_cpu.cpp:553:25: note: in expansion of macro 'INVALID_OPCODE'
  553 |                         INVALID_OPCODE;
      |                         ^~~~~~~~~~~~~~
src/core/sim_cpu.cpp:193:52: note: format string is defined here
  193 |         sprintf(msg, "Bad opcode 0x%04x at PC=0x%04x", opcode, m_pc); \
      |                                                 ~~~^
      |                                                    |
      |                                                    unsigned int
      |                                                 %04lx
src/core/sim_cpu.cpp:193:22: warning: format '%x' expects argument of type 'unsigned int', but argument 4 has type 'flash_addr_t' {aka 'long unsigned int'} [-Wformat=]
  193 |         sprintf(msg, "Bad opcode 0x%04x at PC=0x%04x", opcode, m_pc); \
      |                      ^~~~~~~~~~~~~~~~~~~~~~~~~~~~~~~~          ~~~~
      |                                                                |
      |                                                                flash_addr_t {aka long unsigned int}
src/core/sim_cpu.cpp:566:25: note: in expansion of macro 'INVALID_OPCODE'
  566 |                         INVALID_OPCODE;
      |                         ^~~~~~~~~~~~~~
src/core/sim_cpu.cpp:193:52: note: format string is defined here
  193 |         sprintf(msg, "Bad opcode 0x%04x at PC=0x%04x", opcode, m_pc); \
      |                                                 ~~~^
      |                                                    |
      |                                                    unsigned int
      |                                                 %04lx
src/core/sim_cpu.cpp:193:22: warning: format '%x' expects argument of type 'unsigned int', but argument 4 has type 'flash_addr_t' {aka 'long unsigned int'} [-Wformat=]
  193 |         sprintf(msg, "Bad opcode 0x%04x at PC=0x%04x", opcode, m_pc); \
      |                      ^~~~~~~~~~~~~~~~~~~~~~~~~~~~~~~~          ~~~~
      |                                                                |
      |                                                                flash_addr_t {aka long unsigned int}
src/core/sim_cpu.cpp:590:25: note: in expansion of macro 'INVALID_OPCODE'
  590 |                         INVALID_OPCODE;
      |                         ^~~~~~~~~~~~~~
src/core/sim_cpu.cpp:193:52: note: format string is defined here
  193 |         sprintf(msg, "Bad opcode 0x%04x at PC=0x%04x", opcode, m_pc); \
      |                                                 ~~~^
      |                                                    |
      |                                                    unsigned int
      |                                                 %04lx
src/core/sim_cpu.cpp:193:22: warning: format '%x' expects argument of type 'unsigned int', but argument 4 has type 'flash_addr_t' {aka 'long unsigned int'} [-Wformat=]
  193 |         sprintf(msg, "Bad opcode 0x%04x at PC=0x%04x", opcode, m_pc); \
      |                      ^~~~~~~~~~~~~~~~~~~~~~~~~~~~~~~~          ~~~~
      |                                                                |
      |                                                                flash_addr_t {aka long unsigned int}
src/core/sim_cpu.cpp:627:33: note: in expansion of macro 'INVALID_OPCODE'
  627 |                                 INVALID_OPCODE;
      |                                 ^~~~~~~~~~~~~~
src/core/sim_cpu.cpp:193:52: note: format string is defined here
  193 |         sprintf(msg, "Bad opcode 0x%04x at PC=0x%04x", opcode, m_pc); \
      |                                                 ~~~^
      |                                                    |
      |                                                    unsigned int
      |                                                 %04lx
src/core/sim_cpu.cpp:193:22: warning: format '%x' expects argument of type 'unsigned int', but argument 4 has type 'flash_addr_t' {aka 'long unsigned int'} [-Wformat=]
  193 |         sprintf(msg, "Bad opcode 0x%04x at PC=0x%04x", opcode, m_pc); \
      |                      ^~~~~~~~~~~~~~~~~~~~~~~~~~~~~~~~          ~~~~
      |                                                                |
      |                                                                flash_addr_t {aka long unsigned int}
src/core/sim_cpu.cpp:917:50: note: in expansion of macro 'INVALID_OPCODE'
  917 |                                         default: INVALID_OPCODE;
      |                                                  ^~~~~~~~~~~~~~
src/core/sim_cpu.cpp:193:52: note: format string is defined here
  193 |         sprintf(msg, "Bad opcode 0x%04x at PC=0x%04x", opcode, m_pc); \
      |                                                 ~~~^
      |                                                    |
      |                                                    unsigned int
      |                                                 %04lx
src/core/sim_cpu.cpp:193:22: warning: format '%x' expects argument of type 'unsigned int', but argument 4 has type 'flash_addr_t' {aka 'long unsigned int'} [-Wformat=]
  193 |         sprintf(msg, "Bad opcode 0x%04x at PC=0x%04x", opcode, m_pc); \
      |                      ^~~~~~~~~~~~~~~~~~~~~~~~~~~~~~~~          ~~~~
      |                                                                |
      |                                                                flash_addr_t {aka long unsigned int}
src/core/sim_cpu.cpp:940:26: note: in expansion of macro 'INVALID_OPCODE'
  940 |                 default: INVALID_OPCODE;
      |                          ^~~~~~~~~~~~~~
src/core/sim_cpu.cpp:193:52: note: format string is defined here
  193 |         sprintf(msg, "Bad opcode 0x%04x at PC=0x%04x", opcode, m_pc); \
      |                                                 ~~~^
      |                                                    |
      |                                                    unsigned int
      |                                                 %04lx
src/core/sim_cpu.cpp:193:22: warning: format '%x' expects argument of type 'unsigned int', but argument 4 has type 'flash_addr_t' {aka 'long unsigned int'} [-Wformat=]
  193 |         sprintf(msg, "Bad opcode 0x%04x at PC=0x%04x", opcode, m_pc); \
      |                      ^~~~~~~~~~~~~~~~~~~~~~~~~~~~~~~~          ~~~~
      |                                                                |
      |                                                                flash_addr_t {aka long unsigned int}
src/core/sim_cpu.cpp:1021:26: note: in expansion of macro 'INVALID_OPCODE'
 1021 |                 default: INVALID_OPCODE;
      |                          ^~~~~~~~~~~~~~
src/core/sim_cpu.cpp:193:52: note: format string is defined here
  193 |         sprintf(msg, "Bad opcode 0x%04x at PC=0x%04x", opcode, m_pc); \
      |                                                 ~~~^
      |                                                    |
      |                                                    unsigned int
      |                                                 %04lx
src/core/sim_cpu.cpp:193:22: warning: format '%x' expects argument of type 'unsigned int', but argument 4 has type 'flash_addr_t' {aka 'long unsigned int'} [-Wformat=]
  193 |         sprintf(msg, "Bad opcode 0x%04x at PC=0x%04x", opcode, m_pc); \
      |                      ^~~~~~~~~~~~~~~~~~~~~~~~~~~~~~~~          ~~~~
      |                                                                |
      |                                                                flash_addr_t {aka long unsigned int}
src/core/sim_cpu.cpp:1025:18: note: in expansion of macro 'INVALID_OPCODE'
 1025 |         default: INVALID_OPCODE;
      |                  ^~~~~~~~~~~~~~
src/core/sim_cpu.cpp:193:52: note: format string is defined here
  193 |         sprintf(msg, "Bad opcode 0x%04x at PC=0x%04x", opcode, m_pc); \
      |                                                 ~~~^
      |                                                    |
      |                                                    unsigned int
      |                                                 %04lx
src/core/sim_cpu.cpp:243:21: warning: unused variable 'sreg_str' [-Wunused-variable]
  243 |     char            sreg_str[9];
      |                     ^~~~~~~~
src/core/sim_cpu.cpp: At global scope:
src/core/sim_cpu.cpp:42:20: warning: 'const char* sreg_to_str(const uint8_t*, char*)' defined but not used [-Wunused-function]
   42 | static const char* sreg_to_str(const uint8_t* sreg, char* sreg_str)
      |                    ^~~~~~~~~~~
'Finished building: src/core/sim_cpu.cpp'
' '
'Building file: src/core/sim_cycle_timer.cpp'
'Invoking: GCC C++ Compiler'
g++ -std=c++17 -O3 -Wall -c -fmessage-length=0 -DYASIMAVR_DLL  -MMD -MP -MF"Release/core/sim_cycle_timer.d" -MT"Release/core/sim_cycle_timer.o" -o "Release/core/sim_cycle_timer.o" "src/core/sim_cycle_timer.cpp"
'Finished building: src/core/sim_cycle_timer.cpp'
' '
'Building file: src/core/sim_debug.cpp'
'Invoking: GCC C++ Compiler'
g++ -std=c++17 -O3 -Wall -c -fmessage-length=0 -DYASIMAVR_DLL  -MMD -MP -MF"Release/core/sim_debug.d" -MT"Release/core/sim_debug.o" -o "Release/core/sim_debug.o" "src/core/sim_debug.cpp"
src/core/sim_debug.cpp: In member function 'void DeviceDebugProbe::write_ioreg(reg_addr_t, uint8_t) const':
src/core/sim_debug.cpp:230:19: warning: comparison of integer expressions of different signedness: 'short int' and 'const mem_addr_t' {aka 'const long unsigned int'} [-Wsign-compare]
  230 |     else if (addr < iosize) {
      |              ~~~~~^~~~~~~~
src/core/sim_debug.cpp: In member function 'uint8_t DeviceDebugProbe::read_ioreg(reg_addr_t) const':
src/core/sim_debug.cpp:247:19: warning: comparison of integer expressions of different signedness: 'short int' and 'const mem_addr_t' {aka 'const long unsigned int'} [-Wsign-compare]
  247 |     else if (addr < iosize) {
      |              ~~~~~^~~~~~~~
'Finished building: src/core/sim_debug.cpp'
' '
'Building file: src/core/sim_device.cpp'
'Invoking: GCC C++ Compiler'
g++ -std=c++17 -O3 -Wall -c -fmessage-length=0 -DYASIMAVR_DLL  -MMD -MP -MF"Release/core/sim_device.d" -MT"Release/core/sim_device.o" -o "Release/core/sim_device.o" "src/core/sim_device.cpp"
src/core/sim_device.cpp: In constructor 'Device::Device(Core&, const DeviceConfiguration&)':
src/core/sim_device.cpp:106:23: warning: comparison of integer expressions of different signedness: 'int' and 'std::vector<std::__cxx11::basic_string<char> >::size_type' {aka 'long long unsigned int'} [-Wsign-compare]
  106 |     for (int i = 0; i < config.pins.size(); ++i) {
      |                     ~~^~~~~~~~~~~~~~~~~~~~
'Finished building: src/core/sim_device.cpp'
' '
'Building file: src/core/sim_firmware.cpp'
'Invoking: GCC C++ Compiler'
g++ -std=c++17 -O3 -Wall -c -fmessage-length=0 -DYASIMAVR_DLL  -MMD -MP -MF"Release/core/sim_firmware.d" -MT"Release/core/sim_firmware.o" -o "Release/core/sim_firmware.o" "src/core/sim_firmware.cpp"
'Finished building: src/core/sim_firmware.cpp'
' '
'Building file: src/core/sim_interrupt.cpp'
'Invoking: GCC C++ Compiler'
g++ -std=c++17 -O3 -Wall -c -fmessage-length=0 -DYASIMAVR_DLL  -MMD -MP -MF"Release/core/sim_interrupt.d" -MT"Release/core/sim_interrupt.o" -o "Release/core/sim_interrupt.o" "src/core/sim_interrupt.cpp"
src/core/sim_interrupt.cpp: In member function 'virtual bool InterruptController::ctlreq(ctlreq_id_t, ctlreq_data_t*)':
src/core/sim_interrupt.cpp:71:25: warning: comparison of integer expressions of different signedness: 'int' and 'std::vector<InterruptController::interrupt_t>::size_type' {aka 'long long unsigned int'} [-Wsign-compare]
   71 |         else if (vector >= m_interrupts.size()) {
      |                  ~~~~~~~^~~~~~~~~~~~~~~~~~~~~~
src/core/sim_interrupt.cpp:92:35: warning: comparison of integer expressions of different signedness: 'int_vect_t' {aka 'short int'} and 'std::vector<InterruptController::interrupt_t>::size_type' {aka 'long long unsigned int'} [-Wsign-compare]
   92 |         if (vector >= 0 && vector < m_interrupts.size()) {
      |                            ~~~~~~~^~~~~~~~~~~~~~~~~~~~~
'Finished building: src/core/sim_interrupt.cpp'
' '
'Building file: src/core/sim_ioreg.cpp'
'Invoking: GCC C++ Compiler'
g++ -std=c++17 -O3 -Wall -c -fmessage-length=0 -DYASIMAVR_DLL  -MMD -MP -MF"Release/core/sim_ioreg.d" -MT"Release/core/sim_ioreg.o" -o "Release/core/sim_ioreg.o" "src/core/sim_ioreg.cpp"
'Finished building: src/core/sim_ioreg.cpp'
' '
'Building file: src/core/sim_logger.cpp'
'Invoking: GCC C++ Compiler'
g++ -std=c++17 -O3 -Wall -c -fmessage-length=0 -DYASIMAVR_DLL  -MMD -MP -MF"Release/core/sim_logger.d" -MT"Release/core/sim_logger.o" -o "Release/core/sim_logger.o" "src/core/sim_logger.cpp"
src/core/sim_logger.cpp: In member function 'virtual void LogWriter::write(cycle_count_t, int, ctl_id_t, const char*, va_list)':
src/core/sim_logger.cpp:57:21: warning: format '%d' expects argument of type 'int', but argument 3 has type 'cycle_count_t' {aka 'long long int'} [-Wformat=]
   57 |     fprintf(f, "[%08d] %s %s : ", cycle, slvl, sid.c_str());
      |                  ~~~^             ~~~~~
      |                     |             |
      |                     int           cycle_count_t {aka long long int}
      |                  %08lld
'Finished building: src/core/sim_logger.cpp'
' '
'Building file: src/core/sim_memory.cpp'
'Invoking: GCC C++ Compiler'
g++ -std=c++17 -O3 -Wall -c -fmessage-length=0 -DYASIMAVR_DLL  -MMD -MP -MF"Release/core/sim_memory.d" -MT"Release/core/sim_memory.o" -o "Release/core/sim_memory.o" "src/core/sim_memory.cpp"
'Finished building: src/core/sim_memory.cpp'
' '
'Building file: src/core/sim_peripheral.cpp'
'Invoking: GCC C++ Compiler'
g++ -std=c++17 -O3 -Wall -c -fmessage-length=0 -DYASIMAVR_DLL  -MMD -MP -MF"Release/core/sim_peripheral.d" -MT"Release/core/sim_peripheral.o" -o "Release/core/sim_peripheral.o" "src/core/sim_peripheral.cpp"
'Finished building: src/core/sim_peripheral.cpp'
' '
'Building file: src/core/sim_pin.cpp'
'Invoking: GCC C++ Compiler'
g++ -std=c++17 -O3 -Wall -c -fmessage-length=0 -DYASIMAVR_DLL  -MMD -MP -MF"Release/core/sim_pin.d" -MT"Release/core/sim_pin.o" -o "Release/core/sim_pin.o" "src/core/sim_pin.cpp"
'Finished building: src/core/sim_pin.cpp'
' '
'Building file: src/core/sim_signal.cpp'
'Invoking: GCC C++ Compiler'
g++ -std=c++17 -O3 -Wall -c -fmessage-length=0 -DYASIMAVR_DLL  -MMD -MP -MF"Release/core/sim_signal.d" -MT"Release/core/sim_signal.o" -o "Release/core/sim_signal.o" "src/core/sim_signal.cpp"
src/core/sim_signal.cpp: In member function 'virtual void DataSignalMux::raised(const signal_data_t&, int)':
src/core/sim_signal.cpp:274:17: warning: comparison of integer expressions of different signedness: 'int' and 'size_t' {aka 'long long unsigned int'} [-Wsign-compare]
  274 |     if (hooktag == m_sel_index && m_sel_index < m_items.size() && m_items[m_sel_index].match(sigdata)) {
      |         ~~~~~~~~^~~~~~~~~~~~~~
'Finished building: src/core/sim_signal.cpp'
' '
'Building file: src/core/sim_sleep.cpp'
'Invoking: GCC C++ Compiler'
g++ -std=c++17 -O3 -Wall -c -fmessage-length=0 -DYASIMAVR_DLL  -MMD -MP -MF"Release/core/sim_sleep.d" -MT"Release/core/sim_sleep.o" -o "Release/core/sim_sleep.o" "src/core/sim_sleep.cpp"
'Finished building: src/core/sim_sleep.cpp'
' '
'Building file: src/core/sim_types.cpp'
'Invoking: GCC C++ Compiler'
g++ -std=c++17 -O3 -Wall -c -fmessage-length=0 -DYASIMAVR_DLL  -MMD -MP -MF"Release/core/sim_types.d" -MT"Release/core/sim_types.o" -o "Release/core/sim_types.o" "src/core/sim_types.cpp"
'Finished building: src/core/sim_types.cpp'
' '
'Building file: src/ioctrl_common/sim_port.cpp'
'Invoking: GCC C++ Compiler'
g++ -std=c++17 -O3 -Wall -c -fmessage-length=0 -DYASIMAVR_DLL  -MMD -MP -MF"Release/ioctrl_common/sim_port.d" -MT"Release/ioctrl_common/sim_port.o" -o "Release/ioctrl_common/sim_port.o" "src/ioctrl_common/sim_port.cpp"
In file included from src/ioctrl_common/sim_port.cpp:24:
src/ioctrl_common/sim_port.h: In constructor 'Port::Port(char)':
src/ioctrl_common/sim_port.h:69:23: warning: 'Port::m_pins' will be initialized after [-Wreorder]
   69 |     std::vector<Pin*> m_pins;
      |                       ^~~~~~
src/ioctrl_common/sim_port.h:67:13: warning:   'uint8_t Port::m_pinmask' [-Wreorder]
   67 |     uint8_t m_pinmask;
      |             ^~~~~~~~~
src/ioctrl_common/sim_port.cpp:32:1: warning:   when initialized here [-Wreorder]
   32 | Port::Port(char name)
      | ^~~~
'Finished building: src/ioctrl_common/sim_port.cpp'
' '
'Building file: src/ioctrl_common/sim_spi.cpp'
'Invoking: GCC C++ Compiler'
g++ -std=c++17 -O3 -Wall -c -fmessage-length=0 -DYASIMAVR_DLL  -MMD -MP -MF"Release/ioctrl_common/sim_spi.d" -MT"Release/ioctrl_common/sim_spi.o" -o "Release/ioctrl_common/sim_spi.o" "src/ioctrl_common/sim_spi.cpp"
'Finished building: src/ioctrl_common/sim_spi.cpp'
' '
'Building file: src/ioctrl_common/sim_timer.cpp'
'Invoking: GCC C++ Compiler'
g++ -std=c++17 -O3 -Wall -c -fmessage-length=0 -DYASIMAVR_DLL  -MMD -MP -MF"Release/ioctrl_common/sim_timer.d" -MT"Release/ioctrl_common/sim_timer.o" -o "Release/ioctrl_common/sim_timer.o" "src/ioctrl_common/sim_timer.cpp"
'Finished building: src/ioctrl_common/sim_timer.cpp'
' '
'Building file: src/ioctrl_common/sim_twi.cpp'
'Invoking: GCC C++ Compiler'
g++ -std=c++17 -O3 -Wall -c -fmessage-length=0 -DYASIMAVR_DLL  -MMD -MP -MF"Release/ioctrl_common/sim_twi.d" -MT"Release/ioctrl_common/sim_twi.o" -o "Release/ioctrl_common/sim_twi.o" "src/ioctrl_common/sim_twi.cpp"
'Finished building: src/ioctrl_common/sim_twi.cpp'
' '
'Building file: src/ioctrl_common/sim_uart.cpp'
'Invoking: GCC C++ Compiler'
g++ -std=c++17 -O3 -Wall -c -fmessage-length=0 -DYASIMAVR_DLL  -MMD -MP -MF"Release/ioctrl_common/sim_uart.d" -MT"Release/ioctrl_common/sim_uart.o" -o "Release/ioctrl_common/sim_uart.o" "src/ioctrl_common/sim_uart.cpp"
'Finished building: src/ioctrl_common/sim_uart.cpp'
' '
'Building file: src/ioctrl_common/sim_vref.cpp'
'Invoking: GCC C++ Compiler'
g++ -std=c++17 -O3 -Wall -c -fmessage-length=0 -DYASIMAVR_DLL  -MMD -MP -MF"Release/ioctrl_common/sim_vref.d" -MT"Release/ioctrl_common/sim_vref.o" -o "Release/ioctrl_common/sim_vref.o" "src/ioctrl_common/sim_vref.cpp"
'Finished building: src/ioctrl_common/sim_vref.cpp'
' '
'Building file: src/ioctrl_common/sim_wdt.cpp'
'Invoking: GCC C++ Compiler'
g++ -std=c++17 -O3 -Wall -c -fmessage-length=0 -DYASIMAVR_DLL  -MMD -MP -MF"Release/ioctrl_common/sim_wdt.d" -MT"Release/ioctrl_common/sim_wdt.o" -o "Release/ioctrl_common/sim_wdt.o" "src/ioctrl_common/sim_wdt.cpp"
'Finished building: src/ioctrl_common/sim_wdt.cpp'
' '
'Building file: src/sim/sim_loop.cpp'
'Invoking: GCC C++ Compiler'
g++ -std=c++17 -O3 -Wall -c -fmessage-length=0 -DYASIMAVR_DLL  -MMD -MP -MF"Release/sim/sim_loop.d" -MT"Release/sim/sim_loop.o" -o "Release/sim/sim_loop.o" "src/sim/sim_loop.cpp"
src/sim/sim_loop.cpp: In member function 'void AsyncSimLoop::run()':
src/sim/sim_loop.cpp:242:85: warning: 'cycle_start' may be used uninitialized [-Wmaybe-uninitialized]
  242 |                 long long sim_deadline_us = ((m_cycle_manager.cycle() + cycle_delta - cycle_start)
      |                                              ~~~~~~~~~~~~~~~~~~~~~~~~~~~~~~~~~~~~~~~^~~~~~~~~~~~~~
src/sim/sim_loop.cpp:203:19: note: 'cycle_start' was declared here
  203 |     cycle_count_t cycle_start;
      |                   ^~~~~~~~~~~
'Finished building: src/sim/sim_loop.cpp'
' '
'Building target: Release/yasimavr_core.dll'
'Invoking: GCC C++ Linker'
g++ -shared -o "Release/yasimavr_core.dll" Release/core/sim_core.o Release/core/sim_cpu.o Release/core/sim_cycle_timer.o Release/core/sim_debug.o Release/core/sim_device.o Release/core/sim_firmware.o Release/core/sim_interrupt.o Release/core/sim_ioreg.o Release/core/sim_logger.o Release/core/sim_memory.o Release/core/sim_peripheral.o Release/core/sim_pin.o Release/core/sim_signal.o Release/core/sim_sleep.o Release/core/sim_types.o Release/ioctrl_common/sim_port.o Release/ioctrl_common/sim_spi.o Release/ioctrl_common/sim_timer.o Release/ioctrl_common/sim_twi.o Release/ioctrl_common/sim_uart.o Release/ioctrl_common/sim_vref.o Release/ioctrl_common/sim_wdt.o Release/sim/sim_loop.o -lelf
'Finished building target: Release/yasimavr_core.dll'
' '
mingw32-make[2]: Leaving directory 'D:/Dev/yasimavr/yasimavr/lib_core'
mingw32-make[1]: Leaving directory 'D:/Dev/yasimavr/yasimavr/lib_core'
copy /y lib_core\Release\yasimavr_core.dll py\yasimavr\lib\
        1 fichier(s) copi‚(s).
cd lib_arch_avr && mingw32-make release
mingw32-make[1]: Entering directory 'D:/Dev/yasimavr/yasimavr/lib_arch_avr'
mingw32-make -f Makefile-release all
mingw32-make[2]: Entering directory 'D:/Dev/yasimavr/yasimavr/lib_arch_avr'
'Building file: src/arch_avr_acp.cpp'
'Invoking: GCC C++ Compiler'
g++ -std=c++17 -O3 -Wall -c -fmessage-length=0 -DYASIMAVR_DLL -I"../lib_core/src" -MMD -MP -MF"Release/arch_avr_acp.d" -MT"Release/arch_avr_acp.o" -o "Release/arch_avr_acp.o" "src/arch_avr_acp.cpp"
'Finished building: src/arch_avr_acp.cpp'
' '
'Building file: src/arch_avr_adc.cpp'
'Invoking: GCC C++ Compiler'
g++ -std=c++17 -O3 -Wall -c -fmessage-length=0 -DYASIMAVR_DLL -I"../lib_core/src" -MMD -MP -MF"Release/arch_avr_adc.d" -MT"Release/arch_avr_adc.o" -o "Release/arch_avr_adc.o" "src/arch_avr_adc.cpp"
'Finished building: src/arch_avr_adc.cpp'
' '
'Building file: src/arch_avr_device.cpp'
'Invoking: GCC C++ Compiler'
g++ -std=c++17 -O3 -Wall -c -fmessage-length=0 -DYASIMAVR_DLL -I"../lib_core/src" -MMD -MP -MF"Release/arch_avr_device.d" -MT"Release/arch_avr_device.o" -o "Release/arch_avr_device.o" "src/arch_avr_device.cpp"
'Finished building: src/arch_avr_device.cpp'
' '
'Building file: src/arch_avr_extint.cpp'
'Invoking: GCC C++ Compiler'
g++ -std=c++17 -O3 -Wall -c -fmessage-length=0 -DYASIMAVR_DLL -I"../lib_core/src" -MMD -MP -MF"Release/arch_avr_extint.d" -MT"Release/arch_avr_extint.o" -o "Release/arch_avr_extint.o" "src/arch_avr_extint.cpp"
'Finished building: src/arch_avr_extint.cpp'
' '
'Building file: src/arch_avr_misc.cpp'
'Invoking: GCC C++ Compiler'
g++ -std=c++17 -O3 -Wall -c -fmessage-length=0 -DYASIMAVR_DLL -I"../lib_core/src" -MMD -MP -MF"Release/arch_avr_misc.d" -MT"Release/arch_avr_misc.o" -o "Release/arch_avr_misc.o" "src/arch_avr_misc.cpp"
'Finished building: src/arch_avr_misc.cpp'
' '
'Building file: src/arch_avr_port.cpp'
'Invoking: GCC C++ Compiler'
g++ -std=c++17 -O3 -Wall -c -fmessage-length=0 -DYASIMAVR_DLL -I"../lib_core/src" -MMD -MP -MF"Release/arch_avr_port.d" -MT"Release/arch_avr_port.o" -o "Release/arch_avr_port.o" "src/arch_avr_port.cpp"
'Finished building: src/arch_avr_port.cpp'
' '
'Building file: src/arch_avr_spi.cpp'
'Invoking: GCC C++ Compiler'
g++ -std=c++17 -O3 -Wall -c -fmessage-length=0 -DYASIMAVR_DLL -I"../lib_core/src" -MMD -MP -MF"Release/arch_avr_spi.d" -MT"Release/arch_avr_spi.o" -o "Release/arch_avr_spi.o" "src/arch_avr_spi.cpp"
'Finished building: src/arch_avr_spi.cpp'
' '
'Building file: src/arch_avr_timer.cpp'
'Invoking: GCC C++ Compiler'
g++ -std=c++17 -O3 -Wall -c -fmessage-length=0 -DYASIMAVR_DLL -I"../lib_core/src" -MMD -MP -MF"Release/arch_avr_timer.d" -MT"Release/arch_avr_timer.o" -o "Release/arch_avr_timer.o" "src/arch_avr_timer.cpp"
src/arch_avr_timer.cpp: In member function 'virtual void ArchAVR_Timer::reset()':
src/arch_avr_timer.cpp:195:57: warning: narrowing conversion of 'i' from 'size_t' {aka 'long long unsigned int'} to 'long long int' [-Wnarrowing]
  195 |         m_signal.raise(signal_data_t{Signal_CompOutput, i, vardata_t()});
      |                                                         ^
src/arch_avr_timer.cpp: In member function 'virtual void ArchAVR_Timer::ioreg_write_handler(reg_addr_t, const ioreg_write_t&)':
src/arch_avr_timer.cpp:370:65: warning: narrowing conversion of 'i' from 'size_t' {aka 'long long unsigned int'} to 'long long int' [-Wnarrowing]
  370 |                 m_signal.raise(signal_data_t{Signal_CompOutput, i, vardata_t()});
      |                                                                 ^
'Finished building: src/arch_avr_timer.cpp'
' '
'Building file: src/arch_avr_twi.cpp'
'Invoking: GCC C++ Compiler'
g++ -std=c++17 -O3 -Wall -c -fmessage-length=0 -DYASIMAVR_DLL -I"../lib_core/src" -MMD -MP -MF"Release/arch_avr_twi.d" -MT"Release/arch_avr_twi.o" -o "Release/arch_avr_twi.o" "src/arch_avr_twi.cpp"
src/arch_avr_twi.cpp: In member function 'virtual void ArchAVR_TWI::raised(const signal_data_t&, int)':
src/arch_avr_twi.cpp:327:36: warning: '?:' using integer constants in boolean context, the expression will always evaluate to 'true' [-Wint-in-bool-context]
  327 |                     status = acken ? TWI_SRX_GEN_DATA_ACK : TWI_SRX_GEN_DATA_NACK;
      |                                    ^
src/arch_avr_twi.cpp:329:36: warning: '?:' using integer constants in boolean context, the expression will always evaluate to 'true' [-Wint-in-bool-context]
  329 |                     status = acken ? TWI_SRX_ADR_DATA_ACK : TWI_SRX_ADR_DATA_NACK;
      |                                    ^
'Finished building: src/arch_avr_twi.cpp'
' '
'Building file: src/arch_avr_usart.cpp'
'Invoking: GCC C++ Compiler'
g++ -std=c++17 -O3 -Wall -c -fmessage-length=0 -DYASIMAVR_DLL -I"../lib_core/src" -MMD -MP -MF"Release/arch_avr_usart.d" -MT"Release/arch_avr_usart.o" -o "Release/arch_avr_usart.o" "src/arch_avr_usart.cpp"
'Finished building: src/arch_avr_usart.cpp'
' '
'Building file: src/arch_avr_wdt.cpp'
'Invoking: GCC C++ Compiler'
g++ -std=c++17 -O3 -Wall -c -fmessage-length=0 -DYASIMAVR_DLL -I"../lib_core/src" -MMD -MP -MF"Release/arch_avr_wdt.d" -MT"Release/arch_avr_wdt.o" -o "Release/arch_avr_wdt.o" "src/arch_avr_wdt.cpp"
'Finished building: src/arch_avr_wdt.cpp'
' '
'Building target: Release/yasimavr_arch_avr.dll'
'Invoking: MinGW C++ Linker'
g++ -shared -L"../lib_core/Release" -o "Release/yasimavr_arch_avr.dll" Release/arch_avr_acp.o Release/arch_avr_adc.o Release/arch_avr_device.o Release/arch_avr_extint.o Release/arch_avr_misc.o Release/arch_avr_port.o Release/arch_avr_spi.o Release/arch_avr_timer.o Release/arch_avr_twi.o Release/arch_avr_usart.o Release/arch_avr_wdt.o -lyasimavr_core
'Finished building target: Release/yasimavr_arch_avr.dll'
' '
mingw32-make[2]: Leaving directory 'D:/Dev/yasimavr/yasimavr/lib_arch_avr'
mingw32-make[1]: Leaving directory 'D:/Dev/yasimavr/yasimavr/lib_arch_avr'
copy /y lib_arch_avr\Release\yasimavr_arch_avr.dll py\yasimavr\lib\
        1 fichier(s) copi‚(s).
cd lib_arch_xt && mingw32-make release
mingw32-make[1]: Entering directory 'D:/Dev/yasimavr/yasimavr/lib_arch_xt'
mingw32-make -f Makefile-release all
mingw32-make[2]: Entering directory 'D:/Dev/yasimavr/yasimavr/lib_arch_xt'
'Building file: src/arch_xt_acp.cpp'
'Invoking: GCC C++ Compiler'
g++ -std=c++17 -O3 -Wall -c -fmessage-length=0 -DYASIMAVR_DLL -I"../lib_core/src" -MMD -MP -MF"Release/arch_xt_acp.d" -MT"Release/arch_xt_acp.o" -o "Release/arch_xt_acp.o" "src/arch_xt_acp.cpp"
'Finished building: src/arch_xt_acp.cpp'
' '
'Building file: src/arch_xt_adc.cpp'
'Invoking: GCC C++ Compiler'
g++ -std=c++17 -O3 -Wall -c -fmessage-length=0 -DYASIMAVR_DLL -I"../lib_core/src" -MMD -MP -MF"Release/arch_xt_adc.d" -MT"Release/arch_xt_adc.o" -o "Release/arch_xt_adc.o" "src/arch_xt_adc.cpp"
'Finished building: src/arch_xt_adc.cpp'
' '
'Building file: src/arch_xt_device.cpp'
'Invoking: GCC C++ Compiler'
g++ -std=c++17 -O3 -Wall -c -fmessage-length=0 -DYASIMAVR_DLL -I"../lib_core/src" -MMD -MP -MF"Release/arch_xt_device.d" -MT"Release/arch_xt_device.o" -o "Release/arch_xt_device.o" "src/arch_xt_device.cpp"
'Finished building: src/arch_xt_device.cpp'
' '
'Building file: src/arch_xt_misc.cpp'
'Invoking: GCC C++ Compiler'
g++ -std=c++17 -O3 -Wall -c -fmessage-length=0 -DYASIMAVR_DLL -I"../lib_core/src" -MMD -MP -MF"Release/arch_xt_misc.d" -MT"Release/arch_xt_misc.o" -o "Release/arch_xt_misc.o" "src/arch_xt_misc.cpp"
'Finished building: src/arch_xt_misc.cpp'
' '
'Building file: src/arch_xt_nvm.cpp'
'Invoking: GCC C++ Compiler'
g++ -std=c++17 -O3 -Wall -c -fmessage-length=0 -DYASIMAVR_DLL -I"../lib_core/src" -MMD -MP -MF"Release/arch_xt_nvm.d" -MT"Release/arch_xt_nvm.o" -o "Release/arch_xt_nvm.o" "src/arch_xt_nvm.cpp"
src/arch_xt_nvm.cpp: In member function 'unsigned int ArchXT_NVM::execute_page_command(Command)':
src/arch_xt_nvm.cpp:401:21: warning: 'delay_usecs' may be used uninitialized [-Wmaybe-uninitialized]
  401 |         delay_usecs += m_config.page_write_delay;
      |         ~~~~~~~~~~~~^~~~~~~~~~~~~~~~~~~~~~~~~~~~
src/arch_xt_nvm.cpp:356:18: note: 'delay_usecs' was declared here
  356 |     unsigned int delay_usecs;
      |                  ^~~~~~~~~~~
'Finished building: src/arch_xt_nvm.cpp'
' '
'Building file: src/arch_xt_port.cpp'
'Invoking: GCC C++ Compiler'
g++ -std=c++17 -O3 -Wall -c -fmessage-length=0 -DYASIMAVR_DLL -I"../lib_core/src" -MMD -MP -MF"Release/arch_xt_port.d" -MT"Release/arch_xt_port.o" -o "Release/arch_xt_port.o" "src/arch_xt_port.cpp"
'Finished building: src/arch_xt_port.cpp'
' '
'Building file: src/arch_xt_rtc.cpp'
'Invoking: GCC C++ Compiler'
g++ -std=c++17 -O3 -Wall -c -fmessage-length=0 -DYASIMAVR_DLL -I"../lib_core/src" -MMD -MP -MF"Release/arch_xt_rtc.d" -MT"Release/arch_xt_rtc.o" -o "Release/arch_xt_rtc.o" "src/arch_xt_rtc.cpp"
'Finished building: src/arch_xt_rtc.cpp'
' '
'Building file: src/arch_xt_spi.cpp'
'Invoking: GCC C++ Compiler'
g++ -std=c++17 -O3 -Wall -c -fmessage-length=0 -DYASIMAVR_DLL -I"../lib_core/src" -MMD -MP -MF"Release/arch_xt_spi.d" -MT"Release/arch_xt_spi.o" -o "Release/arch_xt_spi.o" "src/arch_xt_spi.cpp"
'Finished building: src/arch_xt_spi.cpp'
' '
'Building file: src/arch_xt_timer_a.cpp'
'Invoking: GCC C++ Compiler'
g++ -std=c++17 -O3 -Wall -c -fmessage-length=0 -DYASIMAVR_DLL -I"../lib_core/src" -MMD -MP -MF"Release/arch_xt_timer_a.d" -MT"Release/arch_xt_timer_a.o" -o "Release/arch_xt_timer_a.o" "src/arch_xt_timer_a.cpp"
'Finished building: src/arch_xt_timer_a.cpp'
' '
'Building file: src/arch_xt_timer_b.cpp'
'Invoking: GCC C++ Compiler'
g++ -std=c++17 -O3 -Wall -c -fmessage-length=0 -DYASIMAVR_DLL -I"../lib_core/src" -MMD -MP -MF"Release/arch_xt_timer_b.d" -MT"Release/arch_xt_timer_b.o" -o "Release/arch_xt_timer_b.o" "src/arch_xt_timer_b.cpp"
'Finished building: src/arch_xt_timer_b.cpp'
' '
'Building file: src/arch_xt_twi.cpp'
'Invoking: GCC C++ Compiler'
g++ -std=c++17 -O3 -Wall -c -fmessage-length=0 -DYASIMAVR_DLL -I"../lib_core/src" -MMD -MP -MF"Release/arch_xt_twi.d" -MT"Release/arch_xt_twi.o" -o "Release/arch_xt_twi.o" "src/arch_xt_twi.cpp"
'Finished building: src/arch_xt_twi.cpp'
' '
'Building file: src/arch_xt_usart.cpp'
'Invoking: GCC C++ Compiler'
g++ -std=c++17 -O3 -Wall -c -fmessage-length=0 -DYASIMAVR_DLL -I"../lib_core/src" -MMD -MP -MF"Release/arch_xt_usart.d" -MT"Release/arch_xt_usart.o" -o "Release/arch_xt_usart.o" "src/arch_xt_usart.cpp"
'Finished building: src/arch_xt_usart.cpp'
' '
'Building file: src/arch_xt_wdt.cpp'
'Invoking: GCC C++ Compiler'
g++ -std=c++17 -O3 -Wall -c -fmessage-length=0 -DYASIMAVR_DLL -I"../lib_core/src" -MMD -MP -MF"Release/arch_xt_wdt.d" -MT"Release/arch_xt_wdt.o" -o "Release/arch_xt_wdt.o" "src/arch_xt_wdt.cpp"
'Finished building: src/arch_xt_wdt.cpp'
' '
'Building target: Release/yasimavr_arch_xt.dll'
'Invoking: MinGW C++ Linker'
g++ -shared -L"../lib_core/Release" -o "Release/yasimavr_arch_xt.dll" Release/arch_xt_acp.o Release/arch_xt_adc.o Release/arch_xt_device.o Release/arch_xt_misc.o Release/arch_xt_nvm.o Release/arch_xt_port.o Release/arch_xt_rtc.o Release/arch_xt_spi.o Release/arch_xt_timer_a.o Release/arch_xt_timer_b.o Release/arch_xt_twi.o Release/arch_xt_usart.o Release/arch_xt_wdt.o -lyasimavr_core
'Finished building target: Release/yasimavr_arch_xt.dll'
' '
mingw32-make[2]: Leaving directory 'D:/Dev/yasimavr/yasimavr/lib_arch_xt'
mingw32-make[1]: Leaving directory 'D:/Dev/yasimavr/yasimavr/lib_arch_xt'
copy /y lib_arch_xt\Release\yasimavr_arch_xt.dll py\yasimavr\lib\
        1 fichier(s) copi‚(s).
cd bindings && mingw32-make all
mingw32-make[1]: Entering directory 'D:/Dev/yasimavr/yasimavr/bindings'
cd src && python generate_siplib.py
13.5.2
cd siplib/sip && python -B setup.py build --build-lib "."
running build
running build_ext
building 'yasimavr.lib._sip' extension
creating build
creating build\temp.win-amd64-cpython-37
creating build\temp.win-amd64-cpython-37\Release
gcc -mdll -O -Wall -IC:\Python37\include -IC:\Python37\Include -c sip_array.c -o build\temp.win-amd64-cpython-37\Release\sip_array.o
sip_array.c: In function 'sipArray_getbuffer':
sip_array.c:323:22: warning: assignment discards 'const' qualifier from pointer target type [-Wdiscarded-qualifiers]
  323 |         view->format = format;
      |                      ^
gcc -mdll -O -Wall -IC:\Python37\include -IC:\Python37\Include -c sip_bool.cpp -o build\temp.win-amd64-cpython-37\Release\sip_bool.o
gcc -mdll -O -Wall -IC:\Python37\include -IC:\Python37\Include -c sip_core.c -o build\temp.win-amd64-cpython-37\Release\sip_core.o
sip_core.c: In function 'dumpWrapper':
sip_core.c:1142:12: warning: format '%d' expects argument of type 'int', but argument 2 has type 'Py_ssize_t' {aka 'long long int'} [-Wformat=]
 1142 |     printf("    Reference count: %" PY_FORMAT_SIZE_T "d\n", Py_REFCNT(sw));
      |            ^~~~~~~~~~~~~~~~~~~~~~~~
sip_core.c:1142:55: note: format string is defined here
 1142 |     printf("    Reference count: %" PY_FORMAT_SIZE_T "d\n", Py_REFCNT(sw));
      |                                  ~~~~~~~~~~~~~~~~~~~~~^
      |                                                       |
      |                                                       int
      |                                  %" PY_FORMAT_SIZE_T "lld
sip_core.c: In function 'parsePass2':
sip_core.c:5076:24: warning: 'enc' may be used uninitialized [-Wmaybe-uninitialized]
 5076 |                     if (enc < 0)
      |                        ^
sip_core.c:5059:25: note: 'enc' was declared here
 5059 |                     int enc;
      |                         ^~~
sip_core.c:4972:32: warning: 'owner' may be used uninitialized [-Wmaybe-uninitialized]
 4972 |                         *owner = arg;
      |                         ~~~~~~~^~~~~
sip_core.c:4927:35: note: 'owner' was declared here
 4927 |                 PyObject *xfer, **owner;
      |                                   ^~~~~
sip_core.c: In function 'slot_richcompare':
sip_core.c:9508:52: warning: 'st' may be used uninitialized [-Wmaybe-uninitialized]
 9508 |     if ((f = (PyObject *(*)(PyObject *,PyObject *))findSlot(self, st)) == NULL)
      |                                                    ^~~~~~~~~~~~~~~~~~
sip_core.c:9477:19: note: 'st' was declared here
 9477 |     sipPySlotType st;
      |                   ^~
gcc -mdll -O -Wall -IC:\Python37\include -IC:\Python37\Include -c sip_descriptors.c -o build\temp.win-amd64-cpython-37\Release\sip_descriptors.o
gcc -mdll -O -Wall -IC:\Python37\include -IC:\Python37\Include -c sip_enum.c -o build\temp.win-amd64-cpython-37\Release\sip_enum.o
gcc -mdll -O -Wall -IC:\Python37\include -IC:\Python37\Include -c sip_int_convertors.c -o build\temp.win-amd64-cpython-37\Release\sip_int_convertors.o
sip_int_convertors.c: In function 'sip_api_long_as_size_t':
sip_int_convertors.c:138:45: warning: conversion from 'long long unsigned int' to 'long unsigned int' changes value from '18446744073709551615' to '4294967295' [-Woverflow]
  138 |     return (size_t)long_as_unsigned_long(o, SIZE_MAX);
      |                                             ^~~~~~~~
gcc -mdll -O -Wall -IC:\Python37\include -IC:\Python37\Include -c sip_object_map.c -o build\temp.win-amd64-cpython-37\Release\sip_object_map.o
sip_object_map.c: In function 'findHashEntry':
sip_object_map.c:26:23: warning: cast from pointer to integer of different size [-Wpointer-to-int-cast]
   26 | #define hash_1(k,s) (((unsigned long)(k)) % (s))
      |                       ^
sip_object_map.c:99:12: note: in expansion of macro 'hash_1'
   99 |     hash = hash_1(key,om -> size);
      |            ^~~~~~
sip_object_map.c:26:23: warning: cast from pointer to integer of different size [-Wpointer-to-int-cast]
   26 | #define hash_1(k,s) (((unsigned long)(k)) % (s))
      |                       ^
sip_object_map.c:27:33: note: in expansion of macro 'hash_1'
   27 | #define hash_2(k,s) ((s) - 2 - (hash_1((k),(s)) % ((s) - 2)))
      |                                 ^~~~~~
sip_object_map.c:100:11: note: in expansion of macro 'hash_2'
  100 |     inc = hash_2(key,om -> size);
      |           ^~~~~~
gcc -mdll -O -Wall -IC:\Python37\include -IC:\Python37\Include -c sip_threads.c -o build\temp.win-amd64-cpython-37\Release\sip_threads.o
gcc -mdll -O -Wall -IC:\Python37\include -IC:\Python37\Include -c sip_voidptr.c -o build\temp.win-amd64-cpython-37\Release\sip_voidptr.o
writing build\temp.win-amd64-cpython-37\Release\_sip.cp37-win_amd64.def
creating yasimavr
creating yasimavr\lib
g++ -O -Wall -shared -s build\temp.win-amd64-cpython-37\Release\sip_array.o build\temp.win-amd64-cpython-37\Release\sip_bool.o build\temp.win-amd64-cpython-37\Release\sip_core.o build\temp.win-amd64-cpython-37\Release\sip_descriptors.o build\temp.win-amd64-cpython-37\Release\sip_enum.o build\temp.win-amd64-cpython-37\Release\sip_int_convertors.o build\temp.win-amd64-cpython-37\Release\sip_object_map.o build\temp.win-amd64-cpython-37\Release\sip_threads.o build\temp.win-amd64-cpython-37\Release\sip_voidptr.o build\temp.win-amd64-cpython-37\Release\_sip.cp37-win_amd64.def -LC:\Python37\libs -LC:\Python37 -LC:\Python37\PCbuild\amd64 -lpython37 -lvcruntime140 -o .\yasimavr\lib\_sip.cp37-win_amd64.pyd
copy /y src\pyproject.Release.toml sipgen\pyproject.toml
        1 fichier(s) copi‚(s).
copy /y project.py sipgen
        1 fichier(s) copi‚(s).
cd sipgen && sip-build
These bindings will be built: yasimavr-core, yasimavr-arch-avr, yasimavr-arch-xt.
Generating the yasimavr-core bindings...
Generating the core .pyi file...
Generating the yasimavr-arch-avr bindings...
Generating the arch_avr .pyi file...
Generating the yasimavr-arch-xt bindings...
Generating the arch_xt .pyi file...
Compiling the 'yasimavr.lib.core' module...
No `name` configuration, performing automatic discovery
running build_ext
building 'yasimavr.lib.core' extension
creating src
creating src\utils
creating build
creating build\temp.win-amd64-cpython-37
creating build\temp.win-amd64-cpython-37\Release
gcc -mdll -O -Wall -I. -I.. -I..\..\..\..\lib_core\src -I..\..\..\src -IC:\Python37\include -IC:\Python37\Include -c ..\..\..\src\utils\buffer_utils.c -o build\temp.win-amd64-cpython-37\Release\..\..\..\src\utils\buffer_utils.o
gcc -mdll -O -Wall -I. -I.. -I..\..\..\..\lib_core\src -I..\..\..\src -IC:\Python37\include -IC:\Python37\Include -c sipcoreACP.cpp -o build\temp.win-amd64-cpython-37\Release\sipcoreacp.o
gcc -mdll -O -Wall -I. -I.. -I..\..\..\..\lib_core\src -I..\..\..\src -IC:\Python37\include -IC:\Python37\Include -c sipcoreACPchannel_config_t.cpp -o build\temp.win-amd64-cpython-37\Release\sipcoreacpchannel_config_t.o
gcc -mdll -O -Wall -I. -I.. -I..\..\..\..\lib_core\src -I..\..\..\src -IC:\Python37\include -IC:\Python37\Include -c sipcoreADC.cpp -o build\temp.win-amd64-cpython-37\Release\sipcoreadc.o
gcc -mdll -O -Wall -I. -I.. -I..\..\..\..\lib_core\src -I..\..\..\src -IC:\Python37\include -IC:\Python37\Include -c sipcoreADCchannel_config_t.cpp -o build\temp.win-amd64-cpython-37\Release\sipcoreadcchannel_config_t.o
gcc -mdll -O -Wall -I. -I.. -I..\..\..\..\lib_core\src -I..\..\..\src -IC:\Python37\include -IC:\Python37\Include -c sipcoreAbstractSimLoop.cpp -o build\temp.win-amd64-cpython-37\Release\sipcoreabstractsimloop.o
gcc -mdll -O -Wall -I. -I.. -I..\..\..\..\lib_core\src -I..\..\..\src -IC:\Python37\include -IC:\Python37\Include -c sipcoreAsyncSimLoop.cpp -o build\temp.win-amd64-cpython-37\Release\sipcoreasyncsimloop.o
gcc -mdll -O -Wall -I. -I.. -I..\..\..\..\lib_core\src -I..\..\..\src -IC:\Python37\include -IC:\Python37\Include -c sipcoreCallableSignalHook.cpp -o build\temp.win-amd64-cpython-37\Release\sipcorecallablesignalhook.o
gcc -mdll -O -Wall -I. -I.. -I..\..\..\..\lib_core\src -I..\..\..\src -IC:\Python37\include -IC:\Python37\Include -c sipcoreCore.cpp -o build\temp.win-amd64-cpython-37\Release\sipcorecore.o
gcc -mdll -O -Wall -I. -I.. -I..\..\..\..\lib_core\src -I..\..\..\src -IC:\Python37\include -IC:\Python37\Include -c sipcoreCoreConfiguration.cpp -o build\temp.win-amd64-cpython-37\Release\sipcorecoreconfiguration.o
gcc -mdll -O -Wall -I. -I.. -I..\..\..\..\lib_core\src -I..\..\..\src -IC:\Python37\include -IC:\Python37\Include -c sipcoreCycleManager.cpp -o build\temp.win-amd64-cpython-37\Release\sipcorecyclemanager.o
gcc -mdll -O -Wall -I. -I.. -I..\..\..\..\lib_core\src -I..\..\..\src -IC:\Python37\include -IC:\Python37\Include -c sipcoreCycleTimer.cpp -o build\temp.win-amd64-cpython-37\Release\sipcorecycletimer.o
gcc -mdll -O -Wall -I. -I.. -I..\..\..\..\lib_core\src -I..\..\..\src -IC:\Python37\include -IC:\Python37\Include -c sipcoreDataSignal.cpp -o build\temp.win-amd64-cpython-37\Release\sipcoredatasignal.o
gcc -mdll -O -Wall -I. -I.. -I..\..\..\..\lib_core\src -I..\..\..\src -IC:\Python37\include -IC:\Python37\Include -c sipcoreDataSignalMux.cpp -o build\temp.win-amd64-cpython-37\Release\sipcoredatasignalmux.o
gcc -mdll -O -Wall -I. -I.. -I..\..\..\..\lib_core\src -I..\..\..\src -IC:\Python37\include -IC:\Python37\Include -c sipcoreDevice.cpp -o build\temp.win-amd64-cpython-37\Release\sipcoredevice.o
